2023-10-12 09:17:59 INFO  Mainn:32 - ffff
2023-10-12 09:18:17 INFO  Mainn:32 - ffff
2023-10-12 12:57:54 INFO  Mainn:32 - ffff
2023-10-13 14:31:59 INFO  Mainn:32 - ffff
2023-10-13 14:51:56 INFO  Mainn:742 - Vai trò:Nhân viên|Người dùng:KienQuocĐăng nhập thành công
2023-10-13 14:53:30 INFO  Mainn:742 - Vai tro:true|Nguoi dung:KienQuocĐăng nhập thành công
2023-10-13 14:54:10 INFO  Mainn:742 - Vai tro:Trưởng Phòng|Nguoi dung:KienQuocĐăng nhập thành công
2023-10-13 14:55:30 INFO  Mainn:742 - Vai tro:Truong Phong|Nguoi dung:KienQuocDang Nhap Thanh COng
2023-10-13 14:56:04 INFO  Mainn:742 - Vai tro:Truong Phong--Nguoi dung:KienQuoc--Dang Nhap Thanh COng
2023-10-13 14:57:17 INFO  Mainn:740 - Vai tro:Truong Phong--Nguoi dung:KienQuoc--Dang Nhap Thanh COng
2023-10-13 14:58:43 INFO  Mainn:740 - Vai tro:Truong Phong--Nguoi dung:KienQuoc--Dang Nhap Thanh COng
2023-10-13 15:03:27 INFO  Mainn:740 - Vai tro:Truong Phong--Nguoi dung:KienQuoc--Dang Nhap Thanh COng
2023-10-13 15:04:02 INFO  Mainn:79 - Thêm nhân viên mới thành công!
2023-10-13 15:10:22 INFO  Mainn:740 - Vai tro:Truong Phong--Nguoi dung:KienQuoc--Dang Nhap Thanh COng
2023-10-13 15:10:31 INFO  Mainn:118 - Xóa nhân viên mới thành công!
2023-10-13 15:17:58 INFO  Mainn:740 - Vai tro:Truong Phong--Nguoi dung:KienQuoc--Dang Nhap Thanh COng
2023-10-13 15:19:53 INFO  Mainn:740 - Vai tro:Truong Phong--Nguoi dung:KienQuoc--Dang Nhap Thanh COng
2023-10-13 15:20:46 INFO  Mainn:740 - Vai tro:Truong Phong--Nguoi dung:KienQuoc--Dang Nhap Thanh COng
2023-10-13 15:30:01 INFO  Mainn:740 - Vai tro:Truong Phong--Nguoi dung:KienQuoc--Dang Nhap Thanh COng
2023-10-13 15:30:54 INFO  Mainn:740 - Vai tro:Truong Phong--Nguoi dung:KienQuoc--Dang Nhap Thanh COng
2023-10-13 15:31:48 INFO  Mainn:80 - Thêm nhân viên mới thành công!
2023-10-13 15:32:03 INFO  Mainn:119 - Xóa nhân viên thành công!
2023-10-13 16:02:44 INFO  Mainn:740 - Vai tro:Truong Phong--Nguoi dung:KienQuoc--Dang Nhap Thanh COng
2023-10-13 16:03:28 INFO  Mainn:740 - Vai tro:Truong Phong--Nguoi dung:KienQuoc--Dang Nhap Thanh COng
2023-10-13 16:09:35 INFO  Mainn:740 - Vai tro:Truong Phong--Nguoi dung:KienQuoc--Dang Nhap Thanh COng
2023-10-13 16:09:44 INFO  Mainn:638 - Xuất file Excel thành công
2023-10-13 16:36:39 INFO  Mainn:160 - Thêm học viên mới thành công!
2023-10-13 16:38:46 INFO  Mainn:740 - Vai tro:Truong Phong--Nguoi dung:KienQuoc--Dang Nhap Thanh COng
2023-10-13 16:38:56 INFO  Mainn:176 - Xóa học viên mới thành công!
2023-10-13 16:39:06 INFO  Mainn:194 - Cập nhật điểm cho học viên thành công
2023-10-13 16:40:39 INFO  Mainn:740 - Vai tro:Truong Phong--Nguoi dung:KienQuoc--Dang Nhap Thanh COng
2023-10-13 16:40:59 INFO  Mainn:194 - Cập nhật điểm cho học viên thành công
2023-10-13 16:44:14 INFO  Mainn:740 - Vai tro:Truong Phong--Nguoi dung:KienQuoc--Dang Nhap Thanh COng
2023-10-13 16:46:31 INFO  Mainn:740 - Vai tro:Truong Phong--Nguoi dung:KienQuoc--Dang Nhap Thanh COng
2023-10-13 16:47:37 INFO  Mainn:740 - Vai tro:Truong Phong--Nguoi dung:KienQuoc--Dang Nhap Thanh COng
2023-10-13 16:55:11 INFO  Mainn:740 - Vai tro:Truong Phong--Nguoi dung:KienQuoc--Dang Nhap Thanh COng
2023-10-13 17:16:31 INFO  Mainn:740 - Vai tro:Truong Phong--Nguoi dung:KienQuoc--Dang Nhap Thanh COng
2023-10-13 17:17:15 INFO  Mainn:740 - Vai tro:Truong Phong--Nguoi dung:KienQuoc--Dang Nhap Thanh COng
2023-10-13 17:18:30 INFO  Mainn:540 - Xuất file Excel học viên thành công
2023-10-13 17:18:33 INFO  Mainn:199 - Cập nhật điểm cho học viên thành công
2023-10-13 17:18:34 INFO  Mainn:199 - Cập nhật điểm cho học viên thành công
2023-10-13 17:18:37 INFO  Mainn:199 - Cập nhật điểm cho học viên thành công
2023-10-13 17:18:37 INFO  Mainn:199 - Cập nhật điểm cho học viên thành công
2023-10-13 17:18:52 INFO  Mainn:199 - Cập nhật điểm cho học viên thành công
2023-10-13 17:18:53 INFO  Mainn:199 - Cập nhật điểm cho học viên thành công
2023-10-13 17:18:54 INFO  Mainn:199 - Cập nhật điểm cho học viên thành công
2023-10-13 17:18:55 INFO  Mainn:199 - Cập nhật điểm cho học viên thành công
2023-10-14 00:03:52 INFO  Mainn:740 - Vai tro:Truong Phong--Nguoi dung:KienQuoc--Dang Nhap Thanh COng
2023-10-14 08:58:03 INFO  Mainn:736 - Vai tro:Truong Phong--Nguoi dung:KienQuoc--Dang Nhap Thanh COng
2023-10-14 09:02:12 INFO  Mainn:736 - Vai tro:Truong Phong--Nguoi dung:KienQuoc--Dang Nhap Thanh COng
2023-10-14 09:08:00 INFO  Mainn:736 - Vai tro:Truong Phong--Nguoi dung:KienQuoc--Dang Nhap Thanh COng
2023-10-14 09:09:00 INFO  Mainn:736 - Vai tro:Truong Phong--Nguoi dung:KienQuoc--Dang Nhap Thanh COng
2023-10-14 09:30:20 INFO  Mainn:736 - Vai tro:Truong Phong--Nguoi dung:KienQuoc--Dang Nhap Thanh COng
2023-10-14 09:31:11 INFO  Mainn:736 - Vai tro:Truong Phong--Nguoi dung:KienQuoc--Dang Nhap Thanh COng
2023-10-14 09:32:19 INFO  Mainn:736 - Vai tro:Truong Phong--Nguoi dung:KienQuoc--Dang Nhap Thanh COng
2023-10-14 09:38:00 INFO  Mainn:736 - Vai tro:Truong Phong--Nguoi dung:KienQuoc--Dang Nhap Thanh COng
2023-10-14 09:39:20 INFO  Mainn:736 - Vai tro:Truong Phong--Nguoi dung:KienQuoc--Dang Nhap Thanh COng
2023-10-14 09:40:18 INFO  Mainn:736 - Vai tro:Truong Phong--Nguoi dung:KienQuoc--Dang Nhap Thanh COng
2023-10-14 09:43:12 INFO  Mainn:736 - Vai tro:Truong Phong--Nguoi dung:KienQuoc--Dang Nhap Thanh COng
2023-10-14 09:52:58 INFO  Mainn:736 - Vai tro:Truong Phong--Nguoi dung:KienQuoc--Dang Nhap Thanh COng
2023-10-14 09:55:08 INFO  Mainn:736 - Vai tro:Truong Phong--Nguoi dung:KienQuoc--Dang Nhap Thanh COng
2023-10-14 09:56:21 INFO  Mainn:736 - Vai tro:Truong Phong--Nguoi dung:KienQuoc--Dang Nhap Thanh COng
2023-10-14 09:57:37 INFO  Mainn:736 - Vai tro:Truong Phong--Nguoi dung:KienQuoc--Dang Nhap Thanh COng
2023-10-14 10:01:27 INFO  Mainn:736 - Vai tro:Truong Phong--Nguoi dung:KienQuoc--Dang Nhap Thanh COng
2023-10-14 10:17:51 INFO  Mainn:736 - Vai tro:Truong Phong--Nguoi dung:KienQuoc--Dang Nhap Thanh COng
2023-10-14 10:20:43 INFO  Mainn:736 - Vai tro:Truong Phong--Nguoi dung:KienQuoc--Dang Nhap Thanh COng
2023-10-14 10:28:01 INFO  Mainn:736 - Vai tro:Truong Phong--Nguoi dung:KienQuoc--Dang Nhap Thanh COng
2023-10-14 10:29:08 INFO  Mainn:736 - Vai tro:Truong Phong--Nguoi dung:KienQuoc--Dang Nhap Thanh COng
2023-10-14 10:33:26 INFO  Mainn:736 - Vai tro:Truong Phong--Nguoi dung:KienQuoc--Dang Nhap Thanh COng
2023-10-14 10:35:56 INFO  Mainn:736 - Vai tro:Truong Phong--Nguoi dung:KienQuoc--Dang Nhap Thanh COng
2023-10-14 10:36:35 INFO  Mainn:736 - Vai tro:Truong Phong--Nguoi dung:KienQuoc--Dang Nhap Thanh COng
2023-10-14 10:39:30 INFO  Mainn:736 - Vai tro:Truong Phong--Nguoi dung:KienQuoc--Dang Nhap Thanh COng
2023-10-14 10:41:58 INFO  Mainn:736 - Vai tro:Truong Phong--Nguoi dung:KienQuoc--Dang Nhap Thanh COng
2023-10-14 14:28:35 INFO  Mainn:736 - Vai tro:Truong Phong--Nguoi dung:KienQuoc--Dang Nhap Thanh COng
2023-10-14 14:55:24 INFO  Mainn:736 - Vai tro:Truong Phong--Nguoi dung:KienQuoc--Dang Nhap Thanh COng
2023-10-14 15:15:16 INFO  Mainn:736 - Vai tro:Truong Phong--Nguoi dung:KienQuoc--Dang Nhap Thanh COng
2023-10-15 00:54:01 INFO  Mainn:736 - Vai tro:Truong Phong--Nguoi dung:KienQuoc--Dang Nhap Thanh COng
2023-10-15 00:54:59 INFO  Mainn:684 - Xuất file Excel nhân viên thành công
2023-10-15 00:57:12 INFO  Mainn:736 - Vai tro:Truong Phong--Nguoi dung:KienQuoc--Dang Nhap Thanh COng
2023-10-15 00:57:50 INFO  Mainn:736 - Vai tro:Truong Phong--Nguoi dung:KienQuoc--Dang Nhap Thanh COng
2023-10-15 00:58:48 INFO  Mainn:736 - Vai tro:Truong Phong--Nguoi dung:KienQuoc--Dang Nhap Thanh COng
2023-10-15 00:59:25 INFO  Mainn:736 - Vai tro:Truong Phong--Nguoi dung:KienQuoc--Dang Nhap Thanh COng
2023-10-15 01:00:16 INFO  Mainn:736 - Vai tro:Truong Phong--Nguoi dung:KienQuoc--Dang Nhap Thanh COng
2023-10-15 01:25:01 INFO  Mainn:736 - Vai tro:Truong Phong--Nguoi dung:KienQuoc--Dang Nhap Thanh COng
2023-10-15 11:14:55 INFO  Mainn:736 - Vai tro:Truong Phong--Nguoi dung:KienQuoc--Dang Nhap Thanh COng
2023-10-15 11:29:53 INFO  Mainn:736 - Vai tro:Truong Phong--Nguoi dung:KienQuoc--Dang Nhap Thanh COng
2023-10-15 11:36:35 INFO  Mainn:736 - Vai tro:Truong Phong--Nguoi dung:KienQuoc--Dang Nhap Thanh COng
2023-10-15 11:55:37 INFO  Mainn:736 - Vai tro:Truong Phong--Nguoi dung:KienQuoc--Dang Nhap Thanh COng
2023-10-15 11:59:46 INFO  Mainn:736 - Vai tro:Truong Phong--Nguoi dung:KienQuoc--Dang Nhap Thanh COng
2023-10-15 12:00:36 INFO  Mainn:736 - Vai tro:Truong Phong--Nguoi dung:KienQuoc--Dang Nhap Thanh COng
2023-10-15 12:01:11 INFO  Mainn:736 - Vai tro:Truong Phong--Nguoi dung:KienQuoc--Dang Nhap Thanh COng
2023-10-15 15:43:43 INFO  Mainn:736 - Vai tro:Truong Phong--Nguoi dung:KienQuoc--Dang Nhap Thanh COng
2023-10-15 15:44:28 INFO  Mainn:736 - Vai tro:Truong Phong--Nguoi dung:KienQuoc--Dang Nhap Thanh COng
2023-10-15 15:44:43 INFO  Mainn:736 - Vai tro:Truong Phong--Nguoi dung:KienQuoc--Dang Nhap Thanh COng
2023-10-15 15:45:40 INFO  Mainn:736 - Vai tro:Truong Phong--Nguoi dung:KienQuoc--Dang Nhap Thanh COng
2023-10-15 16:02:17 INFO  Mainn:736 - Vai tro:Truong Phong--Nguoi dung:TeoNV--Dang Nhap Thanh COng
2023-10-15 16:03:15 INFO  Mainn:106 - Cập nhật nhân viên thành công!
2023-10-15 16:04:23 INFO  Mainn:736 - Vai tro:Truong Phong--Nguoi dung:KienQuoc--Dang Nhap Thanh COng
2023-10-15 21:45:01 INFO  Mainn:736 - Vai tro:Truong Phong--Nguoi dung:KienQuoc--Dang Nhap Thanh COng
2023-10-16 15:30:43 INFO  Mainn:736 - Vai tro:Nhân Viên--Nguoi dung:NoPT--Dang Nhap Thanh COng
2023-10-16 15:31:03 INFO  Mainn:736 - Vai tro:Truong Phong--Nguoi dung:TeoNV--Dang Nhap Thanh COng
2023-10-16 15:31:37 INFO  Mainn:736 - Vai tro:Truong Phong--Nguoi dung:TeoNV--Dang Nhap Thanh COng
2023-10-16 15:32:09 INFO  Mainn:736 - Vai tro:Truong Phong--Nguoi dung:KienQuoc--Dang Nhap Thanh COng
2023-10-16 15:56:05 INFO  Mainn:736 - Vai tro:Truong Phong--Nguoi dung:KienQuoc--Dang Nhap Thanh COng
2023-10-16 15:56:42 INFO  Mainn:736 - Vai tro:Truong Phong--Nguoi dung:KienQuoc--Dang Nhap Thanh COng
2023-10-16 16:01:58 INFO  Mainn:736 - Vai tro:Truong Phong--Nguoi dung:KienQuoc--Dang Nhap Thanh COng
2023-10-16 16:12:56 INFO  Mainn:736 - Vai tro:Truong Phong--Nguoi dung:KienQuoc--Dang Nhap Thanh COng
2023-10-16 16:18:22 INFO  Mainn:736 - Vai tro:Truong Phong--Nguoi dung:KienQuoc--Dang Nhap Thanh COng
2023-10-17 12:08:22 INFO  Mainn:736 - Vai tro:Truong Phong--Nguoi dung:KienQuoc--Dang Nhap Thanh COng
2023-10-17 14:39:33 INFO  Mainn:736 - Vai tro:Truong Phong--Nguoi dung:KienQuoc--Dang Nhap Thanh COng
2023-10-17 19:33:39 INFO  Mainn:736 - Vai tro:Truong Phong--Nguoi dung:KienQuoc--Dang Nhap Thanh COng
2023-10-18 16:20:48 INFO  Mainn:736 - Vai tro:Truong Phong--Nguoi dung:KienQuoc--Dang Nhap Thanh COng
2023-10-18 18:08:39 INFO  Mainn:736 - Vai tro:Truong Phong--Nguoi dung:KienQuoc--Dang Nhap Thanh COng
2023-10-18 23:18:19 INFO  Mainn:381 - quockkps31817@fpt.edu.vnVừa gửi mã thay đổi mật khẩu
2023-10-18 23:29:19 INFO  Mainn:382 - quockkps31817@fpt.edu.vnVua gui thanh cong ma thay doi email!!!
2023-10-18 23:30:31 INFO  Mainn:382 - quockkps31817@fpt.edu.vnVua gui thanh cong ma thay doi email!!!
2023-10-18 23:31:29 INFO  Mainn:736 - Vai tro:Truong Phong--Nguoi dung:KienQuoc--Dang Nhap Thanh COng
2023-10-18 23:32:44 INFO  Mainn:382 - quockkps31817@fpt.edu.vnVua gui thanh cong ma thay doi email!!!
2023-10-18 23:33:09 INFO  Mainn:382 - quockkps31817@fpt.edu.vnVua gui thanh cong ma thay doi email!!!
2023-10-18 23:37:35 INFO  Mainn:382 - quockkps31817@fpt.edu.vnVua gui thanh cong ma thay doi email!!!
2023-10-18 23:37:45 INFO  Mainn:294 - quockkps31817@fpt.edu.vnXac nhan ma471181thanh cong!!!
2023-10-19 01:06:08 INFO  Mainn:736 - Vai tro:Truong Phong--Nguoi dung:KienQuoc--Dang Nhap Thanh COng
2023-10-19 15:00:39 INFO  Mainn:736 - Vai tro:Truong Phong--Nguoi dung:KienQuoc--Dang Nhap Thanh COng
2023-10-19 15:00:50 INFO  Mainn:736 - Vai tro:Truong Phong--Nguoi dung:KienQuoc--Dang Nhap Thanh COng
2023-10-19 15:02:00 INFO  Mainn:736 - Vai tro:Truong Phong--Nguoi dung:KienQuoc--Dang Nhap Thanh COng
2023-10-19 15:04:47 INFO  Mainn:738 - Vai tro:Truong Phong--Nguoi dung:KienQuoc--Dang Nhap Thanh COng
2023-10-19 15:06:36 INFO  Mainn:738 - Vai tro:Truong Phong--Nguoi dung:KienQuoc--Dang Nhap Thanh COng
2023-10-19 15:07:08 INFO  Mainn:739 - Vai tro:Truong Phong--Nguoi dung:KienQuoc--Dang Nhap Thanh COng
2023-10-19 15:07:23 INFO  Mainn:739 - Vai tro:Truong Phong--Nguoi dung:KienQuoc--Dang Nhap Thanh COng
2023-10-19 15:15:46 INFO  Mainn:183 - Cập nhật điểm MaChuyenDe: ADR01 MaKhoaHoc: 1016 MaHocVien: 165 điểm hiện tại: 10.0 điểm mới: 8.0
2023-10-19 15:43:11 INFO  Mainn:739 - Vai tro:Truong Phong--Nguoi dung:KienQuoc--Dang Nhap Thanh COng
2023-10-19 16:05:13 INFO  Mainn:739 - Vai tro:Truong Phong--Nguoi dung:KienQuoc--Dang Nhap Thanh COng
2023-10-19 17:38:25 INFO  Mainn:739 - Vai tro:Truong Phong--Nguoi dung:KienQuoc--Dang Nhap Thanh COng
2023-10-19 17:41:30 INFO  Mainn:739 - Vai tro:Truong Phong--Nguoi dung:KienQuoc--Dang Nhap Thanh COng
2023-10-19 17:43:05 INFO  Mainn:739 - Vai tro:Truong Phong--Nguoi dung:KienQuoc--Dang Nhap Thanh COng
2023-10-19 17:50:58 INFO  Mainn:739 - Vai tro:Truong Phong--Nguoi dung:KienQuoc--Dang Nhap Thanh COng
2023-10-19 17:56:07 INFO  Mainn:147 - Thêm học viên mới thành công!
2023-10-19 17:56:35 INFO  Mainn:147 - Thêm học viên mới thành công!
2023-10-19 17:56:53 INFO  Mainn:739 - Vai tro:Truong Phong--Nguoi dung:KienQuoc--Dang Nhap Thanh COng
2023-10-19 18:05:58 INFO  Mainn:739 - Vai tro:Truong Phong--Nguoi dung:KienQuoc--Dang Nhap Thanh COng
2023-10-19 18:08:25 INFO  Mainn:739 - Vai tro:Truong Phong--Nguoi dung:KienQuoc--Dang Nhap Thanh COng
2023-10-19 22:13:11 INFO  Mainn:739 - Vai tro:Truong Phong--Nguoi dung:KienQuoc--Dang Nhap Thanh COng
2023-10-19 22:16:00 INFO  Mainn:739 - Vai tro:Truong Phong--Nguoi dung:KienQuoc--Dang Nhap Thanh COng
2023-10-19 22:35:58 INFO  Mainn:739 - Vai tro:Truong Phong--Nguoi dung:KienQuoc--Dang Nhap Thanh COng
2023-10-19 22:53:03 INFO  Mainn:739 - Vai tro:Truong Phong--Nguoi dung:KienQuoc--Dang Nhap Thanh COng
2023-10-19 22:56:47 INFO  Mainn:729 - Vai tro:Truong Phong--Nguoi dung:KienQuoc--Dang Nhap Thanh COng
2023-10-19 23:01:26 INFO  Mainn:739 - Vai tro:Truong Phong--Nguoi dung:KienQuoc--Dang Nhap Thanh COng
2023-10-19 23:01:41 INFO  Mainn:382 - quockkps31817@fpt.edu.vnVua gui thanh cong ma thay doi email!!!
2023-10-19 23:01:56 INFO  Mainn:294 - quockkps31817@fpt.edu.vnXac nhan ma 388437 thanh cong!!!
2023-10-19 23:02:03 INFO  Mainn:311 - quockkps31817@fpt.edu.vnDoi mat khau thanh cong
2023-10-19 23:02:28 INFO  Mainn:739 - Vai tro:Truong Phong--Nguoi dung:KienQuoc--Dang Nhap Thanh COng
2023-10-19 23:02:43 INFO  Mainn:739 - Vai tro:Truong Phong--Nguoi dung:KienQuoc--Dang Nhap Thanh COng
2023-10-19 23:02:57 INFO  Mainn:382 - quockkps31817@fpt.edu.vnVua gui thanh cong ma thay doi email!!!
2023-10-19 23:03:08 INFO  Mainn:294 - quockkps31817@fpt.edu.vnXac nhan ma 96135 thanh cong!!!
2023-10-19 23:03:13 INFO  Mainn:311 - quockkps31817@fpt.edu.vnDoi mat khau thanh cong
2023-10-19 23:03:40 INFO  Mainn:739 - Vai tro:Truong Phong--Nguoi dung:KienQuoc--Dang Nhap Thanh COng
2023-10-19 23:04:18 INFO  Mainn:382 - quockkps31817@fpt.edu.vnVua gui thanh cong ma thay doi email!!!
2023-10-19 23:04:57 INFO  Mainn:294 - quockkps31817@fpt.edu.vnXac nhan ma 594360 thanh cong!!!
2023-10-19 23:05:02 INFO  Mainn:311 - quockkps31817@fpt.edu.vnDoi mat khau thanh cong
2023-10-19 23:05:13 INFO  Mainn:739 - Vai tro:Truong Phong--Nguoi dung:KienQuoc--Dang Nhap Thanh COng
2023-10-19 23:06:05 INFO  Mainn:739 - Vai tro:Truong Phong--Nguoi dung:KienQuoc--Dang Nhap Thanh COng
2023-10-19 23:06:45 INFO  Mainn:382 - quockkps31817@fpt.edu.vnVua gui thanh cong ma thay doi email!!!
2023-10-19 23:07:05 INFO  Mainn:294 - quockkps31817@fpt.edu.vnXac nhan ma 371257 thanh cong!!!
2023-10-19 23:07:12 INFO  Mainn:311 - quockkps31817@fpt.edu.vnDoi mat khau thanh cong
2023-10-19 23:07:47 INFO  Mainn:739 - Vai tro:Truong Phong--Nguoi dung:KienQuoc--Dang Nhap Thanh COng
2023-10-19 23:14:50 INFO  Mainn:382 - quockkps31817@fpt.edu.vnVua gui thanh cong ma thay doi email!!!
2023-10-19 23:15:07 INFO  Mainn:294 - quockkps31817@fpt.edu.vnXac nhan ma 790425 thanh cong!!!
2023-10-19 23:16:49 INFO  Mainn:382 - quockkps31817@fpt.edu.vnVua gui thanh cong ma thay doi email!!!
2023-10-19 23:17:07 INFO  Mainn:294 - quockkps31817@fpt.edu.vnXac nhan ma 584120 thanh cong!!!
2023-10-19 23:22:25 INFO  Mainn:739 - Vai tro:Truong Phong--Nguoi dung:KienQuoc--Dang Nhap Thanh COng
2023-10-19 23:22:44 INFO  Mainn:739 - Vai tro:Truong Phong--Nguoi dung:KienQuoc--Dang Nhap Thanh COng
2023-10-19 23:23:24 INFO  Mainn:739 - Vai tro:Truong Phong--Nguoi dung:KienQuoc--Dang Nhap Thanh COng
2023-10-19 23:23:59 INFO  Mainn:383 - quockkps31817@fpt.edu.vnVua gui thanh cong ma thay doi email!!!
2023-10-19 23:24:24 INFO  Mainn:294 - quockkps31817@fpt.edu.vnXac nhan ma 213694 thanh cong!!!
2023-10-19 23:24:39 INFO  Mainn:739 - Vai tro:Truong Phong--Nguoi dung:KienQuoc--Dang Nhap Thanh COng
2023-10-19 23:26:50 INFO  Mainn:739 - Vai tro:Truong Phong--Nguoi dung:KienQuoc--Dang Nhap Thanh COng
2023-10-19 23:27:26 INFO  Mainn:383 - kieukienquocvn@gmail.comVua gui thanh cong ma thay doi email!!!
2023-10-19 23:27:45 INFO  Mainn:294 - kieukienquocvn@gmail.comXac nhan ma 302723 thanh cong!!!
2023-10-19 23:27:55 INFO  Mainn:739 - Vai tro:Truong Phong--Nguoi dung:KienQuoc--Dang Nhap Thanh COng
2023-10-19 23:32:56 INFO  Mainn:367 - kieukienquocvn@gmail.comVua gui thanh cong ma thay doi email!!!
2023-10-19 23:33:14 INFO  Mainn:291 - kieukienquocvn@gmail.comXac nhan ma 632509 thanh cong!!!
2023-10-19 23:33:53 INFO  Mainn:366 - kieukienquocvn@gmail.comVua gui thanh cong ma thay doi email!!!
2023-10-19 23:34:08 INFO  Mainn:290 - kieukienquocvn@gmail.comXac nhan ma 736396 thanh cong!!!
2023-10-19 23:39:17 INFO  Mainn:367 - kieukienquocvn@gmail.comVua gui thanh cong ma thay doi email!!!
2023-10-19 23:39:30 INFO  Mainn:278 - kieukienquocvn@gmail.comXac nhan ma 404676 thanh cong!!!
2023-10-19 23:39:47 INFO  Mainn:739 - Vai tro:Truong Phong--Nguoi dung:KienQuoc--Dang Nhap Thanh COng
2023-10-19 23:44:47 INFO  Mainn:739 - Vai tro:Truong Phong--Nguoi dung:KienQuoc--Dang Nhap Thanh COng
2023-10-19 23:49:14 INFO  Mainn:739 - Vai tro:Truong Phong--Nguoi dung:KienQuoc--Dang Nhap Thanh COng
2023-10-19 23:49:35 INFO  Mainn:368 - kieukienquocvn@gmail.comVua gui thanh cong ma thay doi email!!!
2023-10-19 23:49:46 INFO  Mainn:278 - kieukienquocvn@gmail.comXac nhan ma 305563 thanh cong!!!
2023-10-19 23:49:59 INFO  Mainn:739 - Vai tro:Truong Phong--Nguoi dung:KienQuoc--Dang Nhap Thanh COng
2023-10-19 23:50:14 INFO  Mainn:739 - Vai tro:Truong Phong--Nguoi dung:KienQuoc--Dang Nhap Thanh COng
2023-10-19 23:51:38 INFO  Mainn:739 - Vai tro:Truong Phong--Nguoi dung:KienQuoc--Dang Nhap Thanh COng
2023-10-19 23:52:50 INFO  Mainn:739 - Vai tro:Truong Phong--Nguoi dung:KienQuoc--Dang Nhap Thanh COng
2023-10-19 23:53:55 INFO  Mainn:739 - Vai tro:Truong Phong--Nguoi dung:KienQuoc--Dang Nhap Thanh COng
2023-10-19 23:54:23 INFO  Mainn:368 - kieukienquocvn@gmail.comVua gui thanh cong ma thay doi email!!!
2023-10-19 23:54:32 INFO  Mainn:278 - kieukienquocvn@gmail.comXac nhan ma 672848 thanh cong!!!
2023-10-19 23:54:37 INFO  Mainn:739 - Vai tro:Truong Phong--Nguoi dung:KienQuoc--Dang Nhap Thanh COng
2023-10-19 23:54:48 INFO  Mainn:739 - Vai tro:Truong Phong--Nguoi dung:KienQuoc--Dang Nhap Thanh COng
2023-10-19 23:55:48 INFO  Mainn:369 - kieukienquocvn@gmail.comVua gui thanh cong ma thay doi email!!!
2023-10-19 23:56:01 INFO  Mainn:278 - kieukienquocvn@gmail.comXac nhan ma 42393 thanh cong!!!
2023-10-19 23:56:39 INFO  Mainn:369 - kieukienquocvn@gmail.comVua gui thanh cong ma thay doi email!!!
2023-10-19 23:56:46 INFO  Mainn:278 - kieukienquocvn@gmail.comXac nhan ma 451598 thanh cong!!!
2023-10-19 23:58:42 INFO  Mainn:369 - kieukienquocvn@gmail.comVua gui thanh cong ma thay doi email!!!
2023-10-19 23:58:52 INFO  Mainn:278 - kieukienquocvn@gmail.comXac nhan ma 100644 thanh cong!!!
2023-10-19 23:59:15 INFO  Mainn:369 - kieukienquocvn@gmail.comVua gui thanh cong ma thay doi email!!!
2023-10-19 23:59:28 INFO  Mainn:278 - kieukienquocvn@gmail.comXac nhan ma 538129 thanh cong!!!
2023-10-20 00:00:45 INFO  Mainn:369 - kieukienquocvn@gmail.comVua gui thanh cong ma thay doi email!!!
2023-10-20 00:01:06 INFO  Mainn:278 - kieukienquocvn@gmail.comXac nhan ma 208309 thanh cong!!!
2023-10-20 00:01:49 INFO  Mainn:369 - kieukienquocvn@gmail.comVua gui thanh cong ma thay doi email!!!
2023-10-20 00:02:01 INFO  Mainn:278 - kieukienquocvn@gmail.comXac nhan ma 553176 thanh cong!!!
2023-10-20 00:02:17 INFO  Mainn:739 - Vai tro:Truong Phong--Nguoi dung:KienQuoc--Dang Nhap Thanh COng
2023-10-20 00:24:25 INFO  Mainn:739 - Vai tro:Truong Phong--Nguoi dung:KienQuoc--Dang Nhap Thanh COng
2023-10-20 00:24:42 INFO  Mainn:369 - kieukienquocvn@gmail.comVua gui thanh cong ma thay doi email!!!
2023-10-20 00:24:52 INFO  Mainn:278 - kieukienquocvn@gmail.comXac nhan ma 309771 thanh cong!!!
2023-10-20 00:24:58 INFO  Mainn:739 - Vai tro:Truong Phong--Nguoi dung:KienQuoc--Dang Nhap Thanh COng
2023-10-20 00:33:48 INFO  Mainn:368 - kieukienquocvn@gmail.comVua gui thanh cong ma thay doi email!!!
2023-10-20 00:34:00 INFO  Mainn:278 - kieukienquocvn@gmail.comXac nhan ma 206081 thanh cong!!!
2023-10-20 00:34:10 INFO  Mainn:739 - Vai tro:Truong Phong--Nguoi dung:KienQuoc--Dang Nhap Thanh COng
2023-10-20 00:39:03 INFO  Mainn:369 - kieukienquocvn@gmail.comVua gui thanh cong ma thay doi email!!!
2023-10-20 00:39:13 INFO  Mainn:278 - kieukienquocvn@gmail.comXac nhan ma 565093 thanh cong!!!
2023-10-20 00:39:22 INFO  Mainn:739 - Vai tro:Truong Phong--Nguoi dung:KienQuoc--Dang Nhap Thanh COng
2023-10-20 00:41:43 INFO  Mainn:739 - Vai tro:Truong Phong--Nguoi dung:KienQuoc--Dang Nhap Thanh COng
2023-10-20 00:42:06 INFO  Mainn:369 - kieukienquocvn@gmail.comVua gui thanh cong ma thay doi email!!!
2023-10-20 00:42:16 INFO  Mainn:278 - kieukienquocvn@gmail.comXac nhan ma 717566 thanh cong!!!
2023-10-20 00:42:22 INFO  Mainn:739 - Vai tro:Truong Phong--Nguoi dung:KienQuoc--Dang Nhap Thanh COng
2023-10-20 00:42:55 INFO  Mainn:739 - Vai tro:Truong Phong--Nguoi dung:KienQuoc--Dang Nhap Thanh COng
2023-10-20 00:43:19 INFO  Mainn:739 - Vai tro:Truong Phong--Nguoi dung:KienQuoc--Dang Nhap Thanh COng
2023-10-20 00:44:13 INFO  Mainn:105 - Thêm nhân viên mới thành công!
2023-10-20 00:44:32 INFO  Mainn:123 - Cập nhật nhân viên thành công!
2023-10-20 00:44:51 INFO  Mainn:144 - Xóa nhân viên thành công!
2023-10-20 00:45:46 INFO  Mainn:105 - Thêm nhân viên mới thành công!
2023-10-20 00:46:11 INFO  Mainn:123 - Cập nhật nhân viên thành công!
2023-10-20 00:46:30 INFO  Mainn:706 - Xuất file Excel nhân viên thành công
2023-10-20 00:51:07 INFO  Mainn:739 - Vai tro:Truong Phong--Nguoi dung:KienQuoc--Dang Nhap Thanh COng
2023-10-20 00:55:38 INFO  Mainn:739 - Vai tro:Truong Phong--Nguoi dung:KienQuoc--Dang Nhap Thanh COng
2023-10-20 00:56:01 INFO  Mainn:739 - Vai tro:Truong Phong--Nguoi dung:KienQuoc--Dang Nhap Thanh COng
2023-10-20 00:57:50 INFO  Mainn:739 - Vai tro:Truong Phong--Nguoi dung:KienQuoc--Dang Nhap Thanh COng
2023-10-20 01:00:28 INFO  Mainn:739 - Vai tro:Truong Phong--Nguoi dung:KienQuoc--Dang Nhap Thanh COng
2023-10-20 01:12:00 INFO  Mainn:739 - Vai tro:Truong Phong--Nguoi dung:KienQuoc--Dang Nhap Thanh COng
2023-10-20 01:23:46 INFO  Mainn:739 - Vai tro:Truong Phong--Nguoi dung:KienQuoc--Dang Nhap Thanh COng
2023-10-20 01:34:33 INFO  Mainn:739 - Vai tro:Truong Phong--Nguoi dung:KienQuoc--Dang Nhap Thanh COng
2023-10-20 01:34:50 INFO  Mainn:739 - Vai tro:Truong Phong--Nguoi dung:KienQuoc--Dang Nhap Thanh COng
2023-10-20 01:35:08 INFO  Mainn:214 - Cập nhật điểm MaChuyenDe: ADR02 MaKhoaHoc: 1018 MaHocVien: 149 điểm hiện tại: 0.0 điểm mới: 2.0
2023-10-20 01:35:22 INFO  Mainn:214 - Cập nhật điểm MaChuyenDe: ADR02 MaKhoaHoc: 1018 MaHocVien: 152 điểm hiện tại: 0.0 điểm mới: -1.0
2023-10-20 01:35:42 INFO  Mainn:214 - Cập nhật điểm MaChuyenDe: ADR02 MaKhoaHoc: 1018 MaHocVien: 152 điểm hiện tại: -1.0 điểm mới: 11.0
2023-10-20 01:42:51 INFO  Mainn:739 - Vai tro:Truong Phong--Nguoi dung:KienQuoc--Dang Nhap Thanh COng
2023-10-20 01:43:08 INFO  Mainn:215 - Cập nhật điểm MaChuyenDe: ADR02 MaKhoaHoc: 1018 MaHocVien: 152 điểm hiện tại: 11.0 điểm mới: 12.0
2023-10-20 01:43:16 INFO  Mainn:215 - Cập nhật điểm MaChuyenDe: ADR02 MaKhoaHoc: 1018 MaHocVien: 152 điểm hiện tại: 12.0 điểm mới: 2.0
2023-10-20 01:43:31 INFO  Mainn:215 - Cập nhật điểm MaChuyenDe: ADR02 MaKhoaHoc: 1018 MaHocVien: 152 điểm hiện tại: 2.0 điểm mới: -1.0
2023-10-20 01:43:40 INFO  Mainn:215 - Cập nhật điểm MaChuyenDe: ADR02 MaKhoaHoc: 1018 MaHocVien: 152 điểm hiện tại: -1.0 điểm mới: 1.0
2023-10-20 01:44:10 INFO  Mainn:739 - Vai tro:Truong Phong--Nguoi dung:KienQuoc--Dang Nhap Thanh COng
2023-10-20 01:47:33 INFO  Mainn:739 - Vai tro:Truong Phong--Nguoi dung:KienQuoc--Dang Nhap Thanh COng
2023-10-20 01:47:44 INFO  Mainn:216 - Cập nhật điểm MaChuyenDe: ADR01 MaKhoaHoc: 1016 MaHocVien: 136 điểm hiện tại: 7.0 điểm mới: 11.0
2023-10-20 01:47:51 INFO  Mainn:216 - Cập nhật điểm MaChuyenDe: ADR01 MaKhoaHoc: 1016 MaHocVien: 136 điểm hiện tại: 11.0 điểm mới: 10.0
2023-10-20 01:50:17 INFO  Mainn:739 - Vai tro:Truong Phong--Nguoi dung:KienQuoc--Dang Nhap Thanh COng
2023-10-20 01:50:58 INFO  Mainn:739 - Vai tro:Truong Phong--Nguoi dung:KienQuoc--Dang Nhap Thanh COng
2023-10-20 01:51:39 INFO  Mainn:739 - Vai tro:Truong Phong--Nguoi dung:KienQuoc--Dang Nhap Thanh COng
2023-10-20 01:58:12 INFO  Mainn:739 - Vai tro:Truong Phong--Nguoi dung:KienQuoc--Dang Nhap Thanh COng
2023-10-20 01:59:36 INFO  Mainn:135 - Cập nhật người học thành công!
2023-10-20 02:00:27 INFO  Mainn:135 - Cập nhật người học thành công!
2023-10-20 02:01:04 INFO  Mainn:135 - Cập nhật người học thành công!
2023-10-20 02:01:22 INFO  Mainn:135 - Cập nhật người học thành công!
2023-10-20 02:01:34 INFO  Mainn:135 - Cập nhật người học thành công!
2023-10-20 02:01:43 INFO  Mainn:135 - Cập nhật người học thành công!
2023-10-20 02:02:00 INFO  Mainn:135 - Cập nhật người học thành công!
2023-10-20 02:02:19 INFO  Mainn:135 - Cập nhật người học thành công!
2023-10-20 02:02:38 INFO  Mainn:135 - Cập nhật người học thành công!
2023-10-20 02:02:46 INFO  Mainn:135 - Cập nhật người học thành công!
2023-10-20 02:02:56 INFO  Mainn:135 - Cập nhật người học thành công!
2023-10-20 02:09:28 INFO  Mainn:739 - Vai tro:Truong Phong--Nguoi dung:KienQuoc--Dang Nhap Thanh COng
2023-10-20 02:11:41 INFO  Mainn:739 - Vai tro:Truong Phong--Nguoi dung:KienQuoc--Dang Nhap Thanh COng
2023-10-20 02:14:46 INFO  Mainn:739 - Vai tro:Truong Phong--Nguoi dung:KienQuoc--Dang Nhap Thanh COng
2023-10-20 02:17:55 INFO  Mainn:739 - Vai tro:Truong Phong--Nguoi dung:KienQuoc--Dang Nhap Thanh COng
2023-10-20 02:20:09 INFO  Mainn:739 - Vai tro:Truong Phong--Nguoi dung:KienQuoc--Dang Nhap Thanh COng
2023-10-20 02:21:41 INFO  Mainn:739 - Vai tro:Truong Phong--Nguoi dung:KienQuoc--Dang Nhap Thanh COng
2023-10-20 02:22:12 INFO  Mainn:739 - Vai tro:Truong Phong--Nguoi dung:KienQuoc--Dang Nhap Thanh COng
2023-10-20 02:22:47 INFO  Mainn:739 - Vai tro:Truong Phong--Nguoi dung:KienQuoc--Dang Nhap Thanh COng
2023-10-20 02:23:12 INFO  Mainn:739 - Vai tro:Truong Phong--Nguoi dung:KienQuoc--Dang Nhap Thanh COng
2023-10-20 02:24:03 INFO  Mainn:739 - Vai tro:Truong Phong--Nguoi dung:KienQuoc--Dang Nhap Thanh COng
2023-10-20 02:24:44 INFO  Mainn:739 - Vai tro:Truong Phong--Nguoi dung:KienQuoc--Dang Nhap Thanh COng
2023-10-20 02:25:13 INFO  Mainn:739 - Vai tro:Truong Phong--Nguoi dung:KienQuoc--Dang Nhap Thanh COng
2023-10-20 02:27:12 INFO  Mainn:739 - Vai tro:Truong Phong--Nguoi dung:KienQuoc--Dang Nhap Thanh COng
2023-10-20 02:32:18 INFO  Mainn:739 - Vai tro:Truong Phong--Nguoi dung:KienQuoc--Dang Nhap Thanh COng
2023-10-20 02:32:29 INFO  Mainn:506 - Xuất file Excel người học thành công
2023-10-20 02:32:48 INFO  Mainn:511 - Xuất file Excel bảng điểm thành công
2023-10-20 02:33:14 INFO  Mainn:521 - Xuất file Excel doanh thu thành công
2023-10-20 02:45:42 INFO  Mainn:359 - kieukienquocvn@gmail.comVua gui thanh cong ma thay doi email!!!
2023-10-20 02:46:26 INFO  Mainn:268 - kieukienquocvn@gmail.comXac nhan ma 825610 thanh cong!!!
2023-10-20 02:46:31 INFO  Mainn:287 - kieukienquocvn@gmail.comDoi mat khau thanh cong
2023-10-20 02:46:33 INFO  Mainn:739 - Vai tro:Truong Phong--Nguoi dung:KienQuoc--Dang Nhap Thanh COng
2023-10-20 02:51:58 INFO  Mainn:739 - Vai tro:Truong Phong--Nguoi dung:KienQuoc--Dang Nhap Thanh COng
2023-10-20 10:40:51 INFO  Mainn:739 - Vai tro:Truong Phong--Nguoi dung:KienQuoc--Dang Nhap Thanh COng
2023-10-20 10:41:27 INFO  Mainn:359 - kieukienquocvn@gmail.comVua gui thanh cong ma thay doi email!!!
2023-10-20 10:41:54 INFO  Mainn:359 - kieukienquocvn@gmail.comVua gui thanh cong ma thay doi email!!!
2023-10-20 10:42:07 INFO  Mainn:268 - kieukienquocvn@gmail.comXac nhan ma 564140 thanh cong!!!
2023-10-20 10:42:12 INFO  Mainn:287 - kieukienquocvn@gmail.comDoi mat khau thanh cong
2023-10-20 10:42:16 INFO  Mainn:739 - Vai tro:Truong Phong--Nguoi dung:KienQuoc--Dang Nhap Thanh COng
2023-10-20 10:43:18 INFO  Mainn:739 - Vai tro:Truong Phong--Nguoi dung:KienQuoc--Dang Nhap Thanh COng
2023-10-20 10:46:18 INFO  Mainn:739 - Vai tro:Truong Phong--Nguoi dung:KienQuoc--Dang Nhap Thanh COng
2023-10-20 10:48:01 INFO  Mainn:739 - Vai tro:Truong Phong--Nguoi dung:KienQuoc--Dang Nhap Thanh COng
2023-10-20 10:48:59 INFO  Mainn:690 - Xuất file Excel nhân viên thành công
2023-10-20 10:49:52 INFO  Mainn:739 - Vai tro:Truong Phong--Nguoi dung:KienQuoc--Dang Nhap Thanh COng
2023-10-20 10:50:04 INFO  Mainn:690 - Xuất file Excel nhân viên thành công
2023-10-20 10:51:52 INFO  Mainn:132 - Xóa chuyên đề thành công!
2023-10-20 10:52:34 INFO  Mainn:132 - Xóa chuyên đề thành công!
2023-10-20 10:58:11 INFO  Mainn:739 - Vai tro:Truong Phong--Nguoi dung:KienQuoc--Dang Nhap Thanh COng
2023-10-20 10:58:42 INFO  Mainn:132 - Xóa chuyên đề thành công!
2023-10-20 10:59:04 INFO  Mainn:132 - Xóa chuyên đề thành công!
2023-10-20 10:59:54 INFO  Mainn:739 - Vai tro:Truong Phong--Nguoi dung:KienQuoc--Dang Nhap Thanh COng
2023-10-20 11:00:02 INFO  Mainn:114 - Cập nhật chuyên đề thành công!
2023-10-20 11:00:06 INFO  Mainn:132 - Xóa chuyên đề thành công!
2023-10-20 11:01:29 INFO  Mainn:739 - Vai tro:Truong Phong--Nguoi dung:KienQuoc--Dang Nhap Thanh COng
2023-10-20 11:01:36 INFO  Mainn:131 - Xóa chuyên đề thành công!
2023-10-20 11:02:29 INFO  Mainn:100 - Thêm chuyên đề mới thành công!
2023-10-20 11:03:28 INFO  Mainn:739 - Vai tro:Truong Phong--Nguoi dung:KienQuoc--Dang Nhap Thanh COng
2023-10-20 11:03:39 INFO  Mainn:131 - Xóa chuyên đề thành công!
2023-10-20 11:04:41 INFO  Mainn:739 - Vai tro:Truong Phong--Nguoi dung:KienQuoc--Dang Nhap Thanh COng
2023-10-20 11:04:50 INFO  Mainn:131 - Xóa chuyên đề thành công!
2023-10-20 11:04:57 INFO  Mainn:131 - Xóa chuyên đề thành công!
2023-10-20 11:05:15 INFO  Mainn:739 - Vai tro:Truong Phong--Nguoi dung:KienQuoc--Dang Nhap Thanh COng
2023-10-20 11:07:45 INFO  Mainn:739 - Vai tro:Truong Phong--Nguoi dung:KienQuoc--Dang Nhap Thanh COng
2023-10-20 11:13:44 INFO  Mainn:739 - Vai tro:Truong Phong--Nguoi dung:KienQuoc--Dang Nhap Thanh COng
2023-10-20 11:16:44 INFO  Mainn:739 - Vai tro:Truong Phong--Nguoi dung:KienQuoc--Dang Nhap Thanh COng
2023-10-20 11:17:46 INFO  Mainn:739 - Vai tro:Truong Phong--Nguoi dung:KienQuoc--Dang Nhap Thanh COng
2023-10-20 11:39:51 INFO  Mainn:739 - Vai tro:Truong Phong--Nguoi dung:KienQuoc--Dang Nhap Thanh COng
2023-10-20 11:40:48 INFO  Mainn:123 - Cập nhật nhân viên thành công!
2023-10-20 11:40:53 INFO  Mainn:144 - Xóa nhân viên thành công!
2023-10-20 11:43:02 INFO  Mainn:105 - Thêm nhân viên mới thành công!
2023-10-20 11:43:22 INFO  Mainn:123 - Cập nhật nhân viên thành công!
2023-10-20 11:43:27 INFO  Mainn:144 - Xóa nhân viên thành công!
2023-10-20 11:45:13 INFO  Mainn:739 - Vai tro:Truong Phong--Nguoi dung:KienQuoc--Dang Nhap Thanh COng
2023-10-20 11:45:22 INFO  Mainn:144 - Xóa nhân viên thành công!
2023-10-20 11:46:11 INFO  Mainn:144 - Xóa nhân viên thành công!
2023-10-20 11:47:39 INFO  Mainn:144 - Xóa nhân viên thành công!
2023-10-20 11:49:12 INFO  Mainn:739 - Vai tro:Truong Phong--Nguoi dung:KienQuoc--Dang Nhap Thanh COng
2023-10-20 11:49:19 INFO  Mainn:144 - Xóa nhân viên thành công!
2023-10-20 11:49:40 INFO  Mainn:144 - Xóa nhân viên thành công!
2023-10-20 11:50:15 INFO  Mainn:739 - Vai tro:Truong Phong--Nguoi dung:KienQuoc--Dang Nhap Thanh COng
2023-10-20 11:50:43 INFO  Mainn:739 - Vai tro:Truong Phong--Nguoi dung:KienQuoc--Dang Nhap Thanh COng
2023-10-20 11:50:51 INFO  Mainn:131 - Xóa chuyên đề thành công!
2023-10-20 11:51:55 INFO  Mainn:739 - Vai tro:Truong Phong--Nguoi dung:KienQuoc--Dang Nhap Thanh COng
2023-10-20 11:52:01 INFO  Mainn:131 - Xóa chuyên đề thành công!
2023-10-20 11:53:10 INFO  Mainn:739 - Vai tro:Truong Phong--Nguoi dung:KienQuoc--Dang Nhap Thanh COng
2023-10-20 11:53:40 INFO  Mainn:690 - Xuất file Excel nhân viên thành công
2023-10-20 11:54:24 INFO  Mainn:114 - Cập nhật chuyên đề thành công!
2023-10-20 13:04:55 INFO  Mainn:359 - kieukienquocvn@gmail.comVua gui thanh cong ma thay doi email!!!
2023-10-20 13:05:06 INFO  Mainn:268 - kieukienquocvn@gmail.comXac nhan ma 140093 thanh cong!!!
2023-10-20 13:05:13 INFO  Mainn:287 - kieukienquocvn@gmail.comDoi mat khau thanh cong
2023-10-20 13:05:17 INFO  Mainn:739 - Vai tro:Truong Phong--Nguoi dung:KienQuoc--Dang Nhap Thanh COng
2023-10-20 13:05:42 INFO  Mainn:739 - Vai tro:Truong Phong--Nguoi dung:KienQuoc--Dang Nhap Thanh COng
2023-10-20 13:10:24 INFO  Mainn:360 - kieukienquocvn@gmail.comVua gui thanh cong ma thay doi email!!!
2023-10-20 13:10:37 INFO  Mainn:268 - kieukienquocvn@gmail.comXac nhan ma 277403 thanh cong!!!
2023-10-20 13:10:48 INFO  Mainn:288 - kieukienquocvn@gmail.comDoi mat khau thanh cong
2023-10-20 13:11:54 INFO  Mainn:360 - kieukienquocvn@gmail.comVua gui thanh cong ma thay doi email!!!
2023-10-20 13:12:04 INFO  Mainn:268 - kieukienquocvn@gmail.comXac nhan ma 267065 thanh cong!!!
2023-10-20 13:12:27 INFO  Mainn:288 - kieukienquocvn@gmail.comDoi mat khau thanh cong
2023-10-20 13:12:52 INFO  Mainn:739 - Vai tro:Nhân Viên--Nguoi dung:QuocKK--Dang Nhap Thanh COng
2023-10-20 13:13:30 INFO  Mainn:739 - Vai tro:Truong Phong--Nguoi dung:KienQuoc--Dang Nhap Thanh COng
2023-10-20 13:13:42 INFO  Mainn:131 - Xóa chuyên đề thành công!
2023-10-20 13:15:02 INFO  Mainn:739 - Vai tro:Truong Phong--Nguoi dung:KienQuoc--Dang Nhap Thanh COng
2023-10-20 13:15:17 INFO  Mainn:132 - Xóa chuyên đề thành công!
2023-10-20 13:24:49 INFO  Mainn:739 - Vai tro:Truong Phong--Nguoi dung:KienQuoc--Dang Nhap Thanh COng
2023-10-20 13:26:02 INFO  Mainn:360 - quockkps31817@fpr.edu.vnVua gui thanh cong ma thay doi email!!!
2023-10-20 13:26:20 INFO  Mainn:360 - quockkps31817@fpt.edu.vnVua gui thanh cong ma thay doi email!!!
2023-10-20 13:26:40 INFO  Mainn:360 - quockkps31817@fpt.edu.vnVua gui thanh cong ma thay doi email!!!
2023-10-20 13:27:22 INFO  Mainn:360 - quockkps31817@fpt.edu.vnVua gui thanh cong ma thay doi email!!!
2023-10-20 13:27:31 INFO  Mainn:268 - quockkps31817@fpt.edu.vnXac nhan ma 609468 thanh cong!!!
2023-10-20 13:27:39 INFO  Mainn:288 - quockkps31817@fpt.edu.vnDoi mat khau thanh cong
2023-10-20 13:27:48 INFO  Mainn:739 - Vai tro:Truong Phong--Nguoi dung:KienQuoc--Dang Nhap Thanh COng
2023-10-20 13:28:30 INFO  Mainn:144 - Xóa nhân viên thành công!
2023-10-20 13:28:44 INFO  Mainn:144 - Xóa nhân viên thành công!
2023-10-20 13:29:26 INFO  Mainn:739 - Vai tro:Truong Phong--Nguoi dung:KienQuoc--Dang Nhap Thanh COng
2023-10-20 13:29:36 INFO  Mainn:144 - Xóa nhân viên thành công!
2023-10-20 14:19:57 INFO  Mainn:739 - Vai tro:Truong Phong--Nguoi dung:KienQuoc--Dang Nhap Thanh COng
2023-10-20 14:27:11 INFO  Mainn:739 - Vai tro:Truong Phong--Nguoi dung:KienQuoc--Dang Nhap Thanh COng
2023-10-20 14:31:23 INFO  Mainn:360 - quockkps31817@fpr.edu.vnVua gui thanh cong ma thay doi email!!!
2023-10-20 14:32:08 INFO  Mainn:360 - quockkps31817@fpt.edu.vnVua gui thanh cong ma thay doi email!!!
2023-10-20 14:32:45 INFO  Mainn:360 - quockkps31817@fpt.edu.vnVua gui thanh cong ma thay doi email!!!
2023-10-20 14:33:16 INFO  Mainn:360 - quockkps31817@fpt.edu.vnVua gui thanh cong ma thay doi email!!!
2023-10-20 14:33:38 INFO  Mainn:268 - quockkps31817@fpt.edu.vnXac nhan ma 555652 thanh cong!!!
2023-10-20 14:33:48 INFO  Mainn:288 - quockkps31817@fpt.edu.vnDoi mat khau thanh cong
2023-10-20 14:34:04 INFO  Mainn:739 - Vai tro:Truong Phong--Nguoi dung:KienQuoc--Dang Nhap Thanh COng
2023-10-20 14:56:01 INFO  Mainn:739 - Vai tro:Truong Phong--Nguoi dung:KienQuoc--Dang Nhap Thanh COng
2023-10-20 15:25:54 INFO  Mainn:360 - quockkps31817@fpt.edu.vnVua gui thanh cong ma thay doi email!!!
2023-10-20 15:26:21 INFO  Mainn:268 - quockkps31817@fpt.edu.vnXac nhan ma 445050 thanh cong!!!
2023-10-20 15:26:29 INFO  Mainn:288 - quockkps31817@fpt.edu.vnDoi mat khau thanh cong
2023-10-20 15:26:42 INFO  Mainn:739 - Vai tro:Truong Phong--Nguoi dung:KienQuoc--Dang Nhap Thanh COng
2023-10-20 15:27:23 INFO  Mainn:690 - Xuất file Excel nhân viên thành công
2023-10-20 15:28:51 INFO  Mainn:739 - Vai tro:Truong Phong--Nguoi dung:KienQuoc--Dang Nhap Thanh COng
2023-10-22 14:39:18 INFO  Mainn:739 - Vai tro:Truong Phong--Nguoi dung:KienQuoc--Dang Nhap Thanh COng
